-------------------------------------------------------------------------------
Test set: edu.egg.tatoo.TatooApplicationTests
-------------------------------------------------------------------------------
Tests run: 1, Failures: 0, Errors: 1, Skipped: 0, Time elapsed: 18.013 s <<< FAILURE! - in edu.egg.tatoo.TatooApplicationTests
contextLoads  Time elapsed: 0.011 s  <<< ERROR!
java.lang.IllegalStateException: Failed to load ApplicationContext
Caused by: org.springframework.beans.factory.BeanCreationException: Error creating bean with name 'entityManagerFactory' defined in class path resource [org/springframework/boot/autoconfigure/orm/jpa/HibernateJpaConfiguration.class]: Invocation of init method failed; nested exception is java.lang.IllegalArgumentException: No PropertyTypeExtractor available for type void 
Caused by: java.lang.IllegalArgumentException: No PropertyTypeExtractor available for type void 

